<?xml version="1.0" encoding="UTF-8"?>
<testng-results ignored="0" total="4" passed="0" failed="4" skipped="0">
  <reporter-output>
  </reporter-output>
  <suite started-at="2023-05-13T20:11:25Z" name="Default suite" finished-at="2023-05-13T20:11:55Z" duration-ms="29725">
    <groups>
      <group name="cucumber">
        <method signature="AbstractTestNGCucumberTests.runScenario(io.cucumber.testng.PickleWrapper, io.cucumber.testng.FeatureWrapper)[pri:0, instance:com.smarttech.runner.FeatureRunner@22ffa91a]" name="runScenario" class="io.cucumber.testng.AbstractTestNGCucumberTests"/>
      </group> <!-- cucumber -->
    </groups>
    <test started-at="2023-05-13T20:11:25Z" name="Default test" finished-at="2023-05-13T20:11:55Z" duration-ms="29725">
      <class name="com.smarttech.runner.FeatureRunner">
        <test-method is-config="true" signature="setUpClass(org.testng.ITestContext)[pri:0, instance:com.smarttech.runner.FeatureRunner@22ffa91a]" started-at="2023-05-13T20:11:25Z" name="setUpClass" finished-at="2023-05-13T20:11:26Z" duration-ms="385" status="PASS">
          <params>
            <param index="0">
              <value>
                <![CDATA[org.testng.TestRunner@2e32fc22]]>
              </value>
            </param>
          </params>
          <reporter-output>
          </reporter-output>
        </test-method> <!-- setUpClass -->
        <test-method signature="runScenario(io.cucumber.testng.PickleWrapper, io.cucumber.testng.FeatureWrapper)[pri:0, instance:com.smarttech.runner.FeatureRunner@22ffa91a]" started-at="2023-05-13T20:11:26Z" name="runScenario" description="Runs Cucumber Scenarios" data-provider="scenarios" finished-at="2023-05-13T20:11:36Z" duration-ms="10225" status="FAIL">
          <params>
            <param index="0">
              <value>
                <![CDATA["This scenario tests all the invalid username and password"]]>
              </value>
            </param>
            <param index="1">
              <value>
                <![CDATA["Testing Login functionality to the application"]]>
              </value>
            </param>
          </params>
          <exception class="java.lang.NullPointerException">
            <message>
              <![CDATA[Cannot invoke "org.openqa.selenium.WebDriver.findElement(org.openqa.selenium.By)" because "com.smarttechqa.stepdef.NegativeLoginStepDefinition.driver" is null]]>
            </message>
            <full-stacktrace>
              <![CDATA[java.lang.NullPointerException: Cannot invoke "org.openqa.selenium.WebDriver.findElement(org.openqa.selenium.By)" because "com.smarttechqa.stepdef.NegativeLoginStepDefinition.driver" is null
at com.smarttechqa.stepdef.NegativeLoginStepDefinition.i_click_on_the_sign_in_button_on_homepage(NegativeLoginStepDefinition.java:25)
at ✽.I click on the sign in button on homepage(file:///C:/Users/tazin/git/repository/Techshop_Project/Features/NegativeTestingLogin.feature:7)
]]>
            </full-stacktrace>
          </exception> <!-- java.lang.NullPointerException -->
          <reporter-output>
          </reporter-output>
        </test-method> <!-- runScenario -->
        <test-method signature="runScenario(io.cucumber.testng.PickleWrapper, io.cucumber.testng.FeatureWrapper)[pri:0, instance:com.smarttech.runner.FeatureRunner@22ffa91a]" started-at="2023-05-13T20:11:36Z" name="runScenario" description="Runs Cucumber Scenarios" data-provider="scenarios" finished-at="2023-05-13T20:11:39Z" duration-ms="3032" status="FAIL">
          <params>
            <param index="0">
              <value>
                <![CDATA["This scenario tests all the invalid username and password"]]>
              </value>
            </param>
            <param index="1">
              <value>
                <![CDATA["Testing Login functionality to the application"]]>
              </value>
            </param>
          </params>
          <exception class="java.lang.NullPointerException">
            <message>
              <![CDATA[Cannot invoke "org.openqa.selenium.WebDriver.findElement(org.openqa.selenium.By)" because "com.smarttechqa.stepdef.NegativeLoginStepDefinition.driver" is null]]>
            </message>
            <full-stacktrace>
              <![CDATA[java.lang.NullPointerException: Cannot invoke "org.openqa.selenium.WebDriver.findElement(org.openqa.selenium.By)" because "com.smarttechqa.stepdef.NegativeLoginStepDefinition.driver" is null
at com.smarttechqa.stepdef.NegativeLoginStepDefinition.i_click_on_the_sign_in_button_on_homepage(NegativeLoginStepDefinition.java:25)
at ✽.I click on the sign in button on homepage(file:///C:/Users/tazin/git/repository/Techshop_Project/Features/NegativeTestingLogin.feature:7)
]]>
            </full-stacktrace>
          </exception> <!-- java.lang.NullPointerException -->
          <reporter-output>
          </reporter-output>
        </test-method> <!-- runScenario -->
        <test-method signature="runScenario(io.cucumber.testng.PickleWrapper, io.cucumber.testng.FeatureWrapper)[pri:0, instance:com.smarttech.runner.FeatureRunner@22ffa91a]" started-at="2023-05-13T20:11:39Z" name="runScenario" description="Runs Cucumber Scenarios" data-provider="scenarios" finished-at="2023-05-13T20:11:42Z" duration-ms="2775" status="FAIL">
          <params>
            <param index="0">
              <value>
                <![CDATA["This scenario tests all the invalid username and password"]]>
              </value>
            </param>
            <param index="1">
              <value>
                <![CDATA["Testing Login functionality to the application"]]>
              </value>
            </param>
          </params>
          <exception class="java.lang.NullPointerException">
            <message>
              <![CDATA[Cannot invoke "org.openqa.selenium.WebDriver.findElement(org.openqa.selenium.By)" because "com.smarttechqa.stepdef.NegativeLoginStepDefinition.driver" is null]]>
            </message>
            <full-stacktrace>
              <![CDATA[java.lang.NullPointerException: Cannot invoke "org.openqa.selenium.WebDriver.findElement(org.openqa.selenium.By)" because "com.smarttechqa.stepdef.NegativeLoginStepDefinition.driver" is null
at com.smarttechqa.stepdef.NegativeLoginStepDefinition.i_click_on_the_sign_in_button_on_homepage(NegativeLoginStepDefinition.java:25)
at ✽.I click on the sign in button on homepage(file:///C:/Users/tazin/git/repository/Techshop_Project/Features/NegativeTestingLogin.feature:7)
]]>
            </full-stacktrace>
          </exception> <!-- java.lang.NullPointerException -->
          <reporter-output>
          </reporter-output>
        </test-method> <!-- runScenario -->
        <test-method signature="runScenario(io.cucumber.testng.PickleWrapper, io.cucumber.testng.FeatureWrapper)[pri:0, instance:com.smarttech.runner.FeatureRunner@22ffa91a]" started-at="2023-05-13T20:11:42Z" name="runScenario" description="Runs Cucumber Scenarios" data-provider="scenarios" finished-at="2023-05-13T20:11:54Z" duration-ms="12700" status="FAIL">
          <params>
            <param index="0">
              <value>
                <![CDATA["This scenario tests all the invalid username and password"]]>
              </value>
            </param>
            <param index="1">
              <value>
                <![CDATA["Testing Login functionality to the application"]]>
              </value>
            </param>
          </params>
          <exception class="java.lang.NullPointerException">
            <message>
              <![CDATA[Cannot invoke "org.openqa.selenium.WebDriver.findElement(org.openqa.selenium.By)" because "com.smarttechqa.stepdef.NegativeLoginStepDefinition.driver" is null]]>
            </message>
            <full-stacktrace>
              <![CDATA[java.lang.NullPointerException: Cannot invoke "org.openqa.selenium.WebDriver.findElement(org.openqa.selenium.By)" because "com.smarttechqa.stepdef.NegativeLoginStepDefinition.driver" is null
at com.smarttechqa.stepdef.NegativeLoginStepDefinition.i_click_on_the_sign_in_button_on_homepage(NegativeLoginStepDefinition.java:25)
at ✽.I click on the sign in button on homepage(file:///C:/Users/tazin/git/repository/Techshop_Project/Features/NegativeTestingLogin.feature:7)
]]>
            </full-stacktrace>
          </exception> <!-- java.lang.NullPointerException -->
          <reporter-output>
          </reporter-output>
        </test-method> <!-- runScenario -->
        <test-method is-config="true" signature="tearDownClass()[pri:0, instance:com.smarttech.runner.FeatureRunner@22ffa91a]" started-at="2023-05-13T20:11:54Z" name="tearDownClass" finished-at="2023-05-13T20:11:55Z" duration-ms="573" status="PASS">
          <reporter-output>
          </reporter-output>
        </test-method> <!-- tearDownClass -->
      </class> <!-- com.smarttech.runner.FeatureRunner -->
    </test> <!-- Default test -->
  </suite> <!-- Default suite -->
</testng-results>
